{"E:\\test\\jest\\gap.ts": {"path":"E:\\test\\jest\\gap.ts","statementMap":{"0":{"start":{"line":1,"column":19},"end":{"line":6,"column":1}},"1":{"start":{"line":2,"column":4},"end":{"line":4,"column":null}},"2":{"start":{"line":3,"column":8},"end":{"line":3,"column":null}},"3":{"start":{"line":5,"column":4},"end":{"line":5,"column":null}},"4":{"start":{"line":1,"column":13},"end":{"line":1,"column":19}}},"fnMap":{"0":{"name":"(anonymous_0)","decl":{"start":{"line":1,"column":19},"end":{"line":1,"column":20}},"loc":{"start":{"line":1,"column":48},"end":{"line":6,"column":1}}}},"branchMap":{"0":{"loc":{"start":{"line":2,"column":4},"end":{"line":4,"column":null}},"type":"if","locations":[{"start":{"line":2,"column":4},"end":{"line":4,"column":null}}]}},"s":{"0":1,"1":2,"2":1,"3":1,"4":1},"f":{"0":2},"b":{"0":[1]}}
,"E:\\test\\jest\\sum.js": {"path":"E:\\test\\jest\\sum.js","statementMap":{"0":{"start":{"line":1,"column":12},"end":{"line":3,"column":1}},"1":{"start":{"line":2,"column":4},"end":{"line":2,"column":14}},"2":{"start":{"line":5,"column":0},"end":{"line":5,"column":20}}},"fnMap":{"0":{"name":"(anonymous_0)","decl":{"start":{"line":1,"column":12},"end":{"line":1,"column":13}},"loc":{"start":{"line":1,"column":21},"end":{"line":3,"column":1}},"line":1}},"branchMap":{},"s":{"0":1,"1":1,"2":1},"f":{"0":1},"b":{},"inputSourceMap":null,"_coverageSchema":"1a1c01bbd47fc00a2c39e90264f33305004495a9","hash":"c7f1d44d7840455e877ead4a945dc78a800557fc"}
,"E:\\test\\jest\\user.ts": {"path":"E:\\test\\jest\\user.ts","statementMap":{"0":{"start":{"line":4,"column":25},"end":{"line":16,"column":1}},"1":{"start":{"line":5,"column":4},"end":{"line":15,"column":null}},"2":{"start":{"line":9,"column":8},"end":{"line":14,"column":null}},"3":{"start":{"line":10,"column":12},"end":{"line":13,"column":null}},"4":{"start":{"line":4,"column":13},"end":{"line":4,"column":25}}},"fnMap":{"0":{"name":"(anonymous_0)","decl":{"start":{"line":4,"column":25},"end":{"line":4,"column":28}},"loc":{"start":{"line":4,"column":30},"end":{"line":16,"column":1}}},"1":{"name":"(anonymous_1)","decl":{"start":{"line":8,"column":7},"end":{"line":8,"column":8}},"loc":{"start":{"line":8,"column":18},"end":{"line":15,"column":5}}},"2":{"name":"(anonymous_2)","decl":{"start":{"line":9,"column":19},"end":{"line":9,"column":22}},"loc":{"start":{"line":9,"column":24},"end":{"line":14,"column":9}}}},"branchMap":{},"s":{"0":1,"1":1,"2":1,"3":1,"4":1},"f":{"0":1,"1":1,"2":1},"b":{}}
,"E:\\test\\jest\\web.ts": {"path":"E:\\test\\jest\\web.ts","statementMap":{"0":{"start":{"line":2,"column":4},"end":{"line":2,"column":null}},"1":{"start":{"line":1,"column":0},"end":{"line":1,"column":16}},"2":{"start":{"line":5,"column":4},"end":{"line":5,"column":null}},"3":{"start":{"line":4,"column":0},"end":{"line":4,"column":16}}},"fnMap":{"0":{"name":"setStorage","decl":{"start":{"line":1,"column":16},"end":{"line":1,"column":26}},"loc":{"start":{"line":1,"column":51},"end":{"line":3,"column":1}}},"1":{"name":"getStorage","decl":{"start":{"line":4,"column":16},"end":{"line":4,"column":26}},"loc":{"start":{"line":4,"column":39},"end":{"line":6,"column":1}}}},"branchMap":{},"s":{"0":1,"1":1,"2":1,"3":1},"f":{"0":1,"1":1},"b":{}}
,"E:\\test\\jest\\utils\\after1000ms.ts": {"path":"E:\\test\\jest\\utils\\after1000ms.ts","statementMap":{"0":{"start":{"line":3,"column":20},"end":{"line":9,"column":1}},"1":{"start":{"line":4,"column":4},"end":{"line":4,"column":24}},"2":{"start":{"line":5,"column":4},"end":{"line":8,"column":13}},"3":{"start":{"line":6,"column":8},"end":{"line":6,"column":28}},"4":{"start":{"line":7,"column":8},"end":{"line":7,"column":31}},"5":{"start":{"line":11,"column":0},"end":{"line":11,"column":27}}},"fnMap":{"0":{"name":"(anonymous_0)","decl":{"start":{"line":3,"column":20},"end":{"line":3,"column":21}},"loc":{"start":{"line":3,"column":47},"end":{"line":9,"column":1}}},"1":{"name":"(anonymous_1)","decl":{"start":{"line":5,"column":15},"end":{"line":5,"column":18}},"loc":{"start":{"line":5,"column":20},"end":{"line":8,"column":5}}}},"branchMap":{"0":{"loc":{"start":{"line":7,"column":8},"end":{"line":7,"column":30}},"type":"binary-expr","locations":[{"start":{"line":7,"column":8},"end":{"line":7,"column":16}},{"start":{"line":7,"column":20},"end":{"line":7,"column":30}}]}},"s":{"0":1,"1":1,"2":1,"3":1,"4":1,"5":1},"f":{"0":1,"1":1},"b":{"0":[1,1]}}
,"E:\\test\\jest\\utils\\getSearchObj.ts": {"path":"E:\\test\\jest\\utils\\getSearchObj.ts","statementMap":{"0":{"start":{"line":2,"column":21},"end":{"line":22,"column":1}},"1":{"start":{"line":4,"column":23},"end":{"line":4,"column":38}},"2":{"start":{"line":7,"column":22},"end":{"line":7,"column":37}},"3":{"start":{"line":10,"column":18},"end":{"line":10,"column":38}},"4":{"start":{"line":13,"column":46},"end":{"line":13,"column":48}},"5":{"start":{"line":15,"column":4},"end":{"line":19,"column":7}},"6":{"start":{"line":17,"column":29},"end":{"line":17,"column":44}},"7":{"start":{"line":18,"column":8},"end":{"line":18,"column":31}},"8":{"start":{"line":21,"column":4},"end":{"line":21,"column":21}},"9":{"start":{"line":24,"column":0},"end":{"line":24,"column":28}}},"fnMap":{"0":{"name":"(anonymous_0)","decl":{"start":{"line":2,"column":21},"end":{"line":2,"column":24}},"loc":{"start":{"line":2,"column":26},"end":{"line":22,"column":1}}},"1":{"name":"(anonymous_1)","decl":{"start":{"line":15,"column":18},"end":{"line":15,"column":19}},"loc":{"start":{"line":15,"column":27},"end":{"line":19,"column":5}}}},"branchMap":{},"s":{"0":1,"1":2,"2":2,"3":2,"4":2,"5":2,"6":3,"7":3,"8":2,"9":1},"f":{"0":2,"1":3},"b":{}}
}
